<?xml version="1.0" encoding="UTF-8"?>
<!-- Generated by org.testng.reporters.JUnitReportReporter -->
<testsuite hostname="BINTERNS-QA33L" failures="0" tests="15" name="Test.CustomerLoginTest" time="81.416" errors="0" timestamp="2023-05-16T16:10:28 IST" skipped="0">
  <testcase classname="Test.CustomerLoginTest" name="navigate_to_homepage_click_on_signin" time="1.366"/>
  <system-out/>
  <testcase classname="Test.CustomerLoginTest" name="visibility_customer_login_header" time="0.050"/>
  <system-out/>
  <testcase classname="Test.CustomerLoginTest" name="visibility_registered_customers_header" time="0.053"/>
  <system-out/>
  <testcase classname="Test.CustomerLoginTest" name="verify_label_email_on_page" time="0.026"/>
  <system-out/>
  <testcase classname="Test.CustomerLoginTest" name="verify_label_password_on_page" time="0.019"/>
  <system-out/>
  <testcase classname="Test.CustomerLoginTest" name="visibility_try_demo_customer_access_dialog" time="0.017"/>
  <system-out/>
  <testcase classname="Test.CustomerLoginTest" name="createanaccountbutton_redirection" time="2.498"/>
  <system-out/>
  <testcase classname="Test.CustomerLoginTest" name="forgotyourpasswordbutton_redirection" time="8.083"/>
  <system-out/>
  <testcase classname="Test.CustomerLoginTest" name="sign_in_with_invalid_credentials" time="7.136"/>
  <system-out/>
  <testcase classname="Test.CustomerLoginTest" name="sign_in_with_invalid_email" time="7.339"/>
  <system-out/>
  <testcase classname="Test.CustomerLoginTest" name="sign_in_with_invalid_password" time="17.099"/>
  <system-out/>
  <testcase classname="Test.CustomerLoginTest" name="sign_in_with_blank_email" time="8.610"/>
  <system-out/>
  <testcase classname="Test.CustomerLoginTest" name="sign_in_with_Blank_password" time="22.480"/>
  <system-out/>
  <testcase classname="Test.CustomerLoginTest" name="sign_in_with_Blank_credentials" time="2.310"/>
  <system-out/>
  <testcase classname="Test.CustomerLoginTest" name="sign_in_with_valid_credentials" time="4.330"/>
  <system-out/>
</testsuite> <!-- Test.CustomerLoginTest -->
