<?xml version="1.0" encoding="UTF-8"?>
<!-- Generated by org.testng.reporters.JUnitReportReporter -->
<testsuite hostname="BINTERNS-QA33L" failures="0" tests="7" name="Test.CartPageTest" time="63.247" errors="0" timestamp="2023-05-16T16:17:48 IST" skipped="0">
  <testcase classname="Test.CartPageTest" name="add_to_cart_functonality" time="16.335"/>
  <system-out/>
  <testcase classname="Test.CartPageTest" name="proceed_to_checkout_functonality" time="7.882"/>
  <system-out/>
  <testcase classname="Test.CartPageTest" name="shipping_details" time="11.298"/>
  <system-out/>
  <testcase classname="Test.CartPageTest" name="apply_discount_functonality" time="4.699"/>
  <system-out/>
  <testcase classname="Test.CartPageTest" name="placeorder_functonality" time="10.204"/>
  <system-out/>
  <testcase classname="Test.CartPageTest" name="order_details" time="9.783"/>
  <system-out/>
  <testcase classname="Test.CartPageTest" name="shipping_and_billing_address_on_orders_page" time="3.046"/>
  <system-out/>
</testsuite> <!-- Test.CartPageTest -->
