<?xml version="1.0" encoding="UTF-8"?>
<!-- Generated by org.testng.reporters.JUnitReportReporter -->
<testsuite hostname="BINTERNS-QA33L" failures="0" tests="31" name="Test.HomePageTest" time="245.677" errors="0" timestamp="2023-05-15T19:06:41 IST" skipped="1">
  <testcase classname="Test.HomePageTest" name="visibility_luma_logo" time="0.044"/>
  <system-out/>
  <testcase classname="Test.HomePageTest" name="visibility_searchbox" time="0.022"/>
  <system-out/>
  <testcase classname="Test.HomePageTest" name="cartIcon_functionality" time="5.335"/>
  <system-out/>
  <testcase classname="Test.HomePageTest" name="search_functionality" time="7.199"/>
  <system-out/>
  <testcase classname="Test.HomePageTest" name="whatsNew_functionality" time="10.143"/>
  <system-out/>
  <testcase classname="Test.HomePageTest" name="women_tops_jackets_functionality" time="9.661"/>
  <system-out/>
  <testcase classname="Test.HomePageTest" name="women_tops_hoodies_sweatshirts_functionality" time="9.770"/>
  <system-out/>
  <testcase classname="Test.HomePageTest" name="women_tops_tees_functionality" time="9.966"/>
  <system-out/>
  <testcase classname="Test.HomePageTest" name="women_bottoms_pants_functionality" time="9.243"/>
  <system-out/>
  <testcase classname="Test.HomePageTest" name="men_bottoms_tanks_functionality" time="9.303"/>
  <system-out/>
  <testcase classname="Test.HomePageTest" name="gear_bags_functionality" time="9.355"/>
  <system-out/>
  <testcase classname="Test.HomePageTest" name="gear_fitness_equipment_functionality" time="8.891"/>
  <system-out/>
  <testcase classname="Test.HomePageTest" name="gear_watches_functionality" time="9.423"/>
  <system-out/>
  <testcase classname="Test.HomePageTest" name="training_videodownload__functionality" time="9.154"/>
  <system-out/>
  <testcase classname="Test.HomePageTest" name="Sale_functionality" time="9.775"/>
  <system-out/>
  <testcase classname="Test.HomePageTest" name="shop_new_yoga_functionality" time="9.288"/>
  <system-out/>
  <testcase classname="Test.HomePageTest" name="shop_new_yoga_image_redirection" time="9.152"/>
  <system-out/>
  <testcase classname="Test.HomePageTest" name="shop_pants_image_redirection" time="8.654"/>
  <system-out/>
  <testcase classname="Test.HomePageTest" name="shop_tees_image_redirection" time="9.166"/>
  <system-out/>
  <testcase classname="Test.HomePageTest" name="shop_erin_recommends_image_redirection" time="9.151"/>
  <system-out/>
  <testcase classname="Test.HomePageTest" name="shop_performance_image_redirection" time="9.431"/>
  <system-out/>
  <testcase classname="Test.HomePageTest" name="shop_ecofriendly_image_redirection" time="8.891"/>
  <system-out/>
  <testcase classname="Test.HomePageTest" name="count_link_in_footer" time="3.030"/>
  <system-out/>
  <testcase classname="Test.HomePageTest" name="write_for_us_redirection" time="12.867"/>
  <system-out/>
  <testcase classname="Test.HomePageTest" name="orders_and_returns_in_footer" time="8.442"/>
  <system-out/>
  <testcase classname="Test.HomePageTest" name="search_terms_redirection" time="9.300"/>
  <system-out/>
  <testcase classname="Test.HomePageTest" name="privacy_and_cookie_policy_redirection" time="9.833"/>
  <system-out/>
  <testcase classname="Test.HomePageTest" name="advanced_search_redirection" time="8.975"/>
  <system-out/>
  <testcase classname="Test.HomePageTest" name="contact_us_redirection" time="10.175"/>
  <system-out/>
  <testcase classname="Test.HomePageTest" name="hotseller_header_visibility" time="2.038"/>
  <system-out/>
  <testcase classname="Test.HomePageTest" name="search_suggestion_list_functionality">
    <skipped/>
  </testcase> <!-- search_suggestion_list_functionality -->
  <system-out/>
</testsuite> <!-- Test.HomePageTest -->
